00:10.135 Creating connection with server4:443 with v1
00:10.220 Original destination connection id: 9fd83bcc0d7ce46f (scid: 962819b53a9e0af5)
00:11.738 Discarding packet (1200 bytes) that cannot be decrypted (Missing keys for encryption level Initial (keys discarded))
00:12.139 Discarding packet (1200 bytes) that cannot be decrypted (Missing keys for encryption level Initial (keys discarded))
00:12.140 Discarding packet (1200 bytes) that cannot be decrypted (Missing keys for encryption level Initial (keys discarded))
00:12.530 Discarding packet (1200 bytes) that cannot be decrypted (Missing keys for encryption level Initial (keys discarded))
00:12.879 Received DataBlockedFrame[2500000]
00:14.061 Received DataBlockedFrame[2500000]
00:14.085 Received DataBlockedFrame[2500000]
00:14.091 Received DataBlockedFrame[2500000]
00:14.097 Received DataBlockedFrame[2500000]
00:14.103 Received DataBlockedFrame[2500000]
00:14.110 Received DataBlockedFrame[2500000]
00:15.285 Received DataBlockedFrame[2500000]
00:15.286 Received StreamDataBlockedFrame[0|250000]
00:15.475 Received DataBlockedFrame[2500000]
00:15.475 Received StreamDataBlockedFrame[0|276284]
00:16.505 Received DataBlockedFrame[2500000]
00:16.525 Received DataBlockedFrame[2500000]
00:16.529 Received DataBlockedFrame[2500000]
00:16.533 Received DataBlockedFrame[2500000]
00:16.533 Received StreamDataBlockedFrame[0|302472]
00:16.536 Received DataBlockedFrame[2500000]
00:16.552 Received DataBlockedFrame[2500000]
00:16.559 Received DataBlockedFrame[2500000]
00:16.559 Received StreamDataBlockedFrame[0|327476]
00:16.567 Received DataBlockedFrame[2500000]
00:16.589 Received DataBlockedFrame[2500000]
00:16.595 Received DataBlockedFrame[2500000]
00:16.595 Received StreamDataBlockedFrame[0|352480]
00:16.596 Received DataBlockedFrame[2500000]
00:16.612 Received DataBlockedFrame[2500000]
00:16.612 Received StreamDataBlockedFrame[0|377484]
00:16.627 Received DataBlockedFrame[2500000]
00:16.655 Received DataBlockedFrame[2500000]
00:16.655 Received StreamDataBlockedFrame[0|402488]
00:16.657 Received DataBlockedFrame[2500000]
00:16.657 Received StreamDataBlockedFrame[0|427492]
00:16.687 Received DataBlockedFrame[2500000]
00:16.687 Received StreamDataBlockedFrame[0|453796]
00:16.718 Received DataBlockedFrame[2500000]
00:16.718 Received StreamDataBlockedFrame[0|478800]
00:16.750 Received DataBlockedFrame[2751172]
00:16.750 Received StreamDataBlockedFrame[0|503804]
00:17.711 Received DataBlockedFrame[2751172]
00:17.711 Received StreamDataBlockedFrame[0|528906]
00:17.742 Received DataBlockedFrame[2751172]
00:17.742 Received StreamDataBlockedFrame[0|555094]
00:17.773 Received DataBlockedFrame[2751172]
00:17.773 Received StreamDataBlockedFrame[0|580098]
00:17.803 Received DataBlockedFrame[2751172]
00:17.803 Received StreamDataBlockedFrame[0|605102]
00:17.833 Received DataBlockedFrame[2751172]
00:17.833 Received StreamDataBlockedFrame[0|630105]
00:17.863 Received DataBlockedFrame[2751172]
00:17.863 Received StreamDataBlockedFrame[0|656418]
00:17.895 Received DataBlockedFrame[2751172]
00:17.895 Received StreamDataBlockedFrame[0|681422]
00:17.925 Received DataBlockedFrame[2751172]
00:17.925 Received StreamDataBlockedFrame[0|707726]
00:17.957 Received DataBlockedFrame[2751172]
00:17.957 Received StreamDataBlockedFrame[0|732730]
00:18.918 Received DataBlockedFrame[3002470]
00:18.918 Received StreamDataBlockedFrame[0|757734]
00:18.949 Received DataBlockedFrame[3002470]
00:18.949 Received StreamDataBlockedFrame[0|782836]
00:18.980 Received DataBlockedFrame[3002470]
00:18.980 Received StreamDataBlockedFrame[0|809024]
00:19.011 Received DataBlockedFrame[3002470]
00:19.011 Received StreamDataBlockedFrame[0|834028]
00:19.041 Received DataBlockedFrame[3002470]
00:19.042 Received StreamDataBlockedFrame[0|859032]
00:19.072 Received DataBlockedFrame[3002470]
00:19.072 Received StreamDataBlockedFrame[0|884035]
00:19.102 Received DataBlockedFrame[3002470]
00:19.102 Received StreamDataBlockedFrame[0|910348]
00:19.135 Received DataBlockedFrame[3002470]
00:19.135 Received StreamDataBlockedFrame[0|935352]
00:19.163 Received DataBlockedFrame[3002470]
00:19.164 Received StreamDataBlockedFrame[0|961656]
00:20.125 Received DataBlockedFrame[3002470]
00:20.125 Received StreamDataBlockedFrame[0|986660]
00:20.155 Received DataBlockedFrame[3253768]
00:20.156 Received StreamDataBlockedFrame[0|1011664]
00:20.187 Received DataBlockedFrame[3253768]
00:20.187 Received StreamDataBlockedFrame[0|1036766]
00:20.218 Received DataBlockedFrame[3253768]
00:20.218 Received StreamDataBlockedFrame[0|1062954]
00:20.250 Received DataBlockedFrame[3253768]
00:20.250 Received StreamDataBlockedFrame[0|1087958]
00:20.280 Received DataBlockedFrame[3253768]
00:20.280 Received StreamDataBlockedFrame[0|1112962]
00:20.310 Received DataBlockedFrame[3253768]
00:20.310 Received StreamDataBlockedFrame[0|1137965]
00:20.340 Received DataBlockedFrame[3253768]
00:20.340 Received StreamDataBlockedFrame[0|1164278]
00:20.372 Received DataBlockedFrame[3253768]
00:20.372 Received StreamDataBlockedFrame[0|1189282]
00:21.332 Received DataBlockedFrame[3253768]
00:21.332 Received StreamDataBlockedFrame[0|1215586]
00:21.363 Received DataBlockedFrame[3253768]
00:21.364 Received StreamDataBlockedFrame[0|1240590]
00:21.394 Received DataBlockedFrame[3505066]
00:21.394 Received StreamDataBlockedFrame[0|1265594]
00:21.425 Received DataBlockedFrame[3505066]
00:21.425 Received StreamDataBlockedFrame[0|1290696]
00:21.456 Received DataBlockedFrame[3505066]
00:21.457 Received StreamDataBlockedFrame[0|1316884]
00:21.488 Received DataBlockedFrame[3505066]
00:21.488 Received StreamDataBlockedFrame[0|1341888]
00:21.518 Received DataBlockedFrame[3505066]
00:21.518 Received StreamDataBlockedFrame[0|1366892]
00:21.548 Received DataBlockedFrame[3505066]
00:21.548 Received StreamDataBlockedFrame[0|1391895]
00:21.579 Received DataBlockedFrame[3505066]
00:21.579 Received StreamDataBlockedFrame[0|1418208]
00:22.539 Received DataBlockedFrame[3505066]
00:22.539 Received StreamDataBlockedFrame[0|1443212]
00:22.570 Received DataBlockedFrame[3505066]
00:22.571 Received StreamDataBlockedFrame[0|1469516]
00:22.602 Received DataBlockedFrame[3505066]
00:22.602 Received StreamDataBlockedFrame[0|1494520]
00:22.632 Received DataBlockedFrame[3756364]
00:22.633 Received StreamDataBlockedFrame[0|1519524]
00:22.663 Received DataBlockedFrame[3756364]
00:22.664 Received StreamDataBlockedFrame[0|1544626]
00:22.695 Received DataBlockedFrame[3756364]
00:22.695 Received StreamDataBlockedFrame[0|1570814]
00:22.726 Received DataBlockedFrame[3756364]
00:22.726 Received StreamDataBlockedFrame[0|1595818]
00:22.756 Received DataBlockedFrame[3756364]
00:22.756 Received StreamDataBlockedFrame[0|1620822]
00:22.786 Received DataBlockedFrame[3756364]
00:22.786 Received StreamDataBlockedFrame[0|1645825]
00:23.746 Received DataBlockedFrame[3756364]
00:23.746 Received StreamDataBlockedFrame[0|1672138]
00:23.778 Received DataBlockedFrame[3756364]
00:23.778 Received StreamDataBlockedFrame[0|1697142]
00:23.809 Received DataBlockedFrame[3756364]
00:23.809 Received StreamDataBlockedFrame[0|1723446]
00:23.840 Received DataBlockedFrame[3756364]
00:23.840 Received StreamDataBlockedFrame[0|1748450]
00:23.870 Received DataBlockedFrame[4007662]
00:23.870 Received StreamDataBlockedFrame[0|1773454]
00:23.902 Received DataBlockedFrame[4007662]
00:23.902 Received StreamDataBlockedFrame[0|1798556]
00:23.933 Received DataBlockedFrame[4007662]
00:23.933 Received StreamDataBlockedFrame[0|1824744]
00:23.964 Received DataBlockedFrame[4007662]
00:23.964 Received StreamDataBlockedFrame[0|1849748]
00:23.994 Received DataBlockedFrame[4007662]
00:23.994 Received StreamDataBlockedFrame[0|1874752]
00:24.953 Received DataBlockedFrame[4007662]
00:24.953 Received StreamDataBlockedFrame[0|1899755]
00:24.984 Received DataBlockedFrame[4007662]
00:24.984 Received StreamDataBlockedFrame[0|1926068]
00:25.016 Received DataBlockedFrame[4007662]
00:25.016 Received StreamDataBlockedFrame[0|1951072]
00:25.047 Received DataBlockedFrame[4007662]
00:25.047 Received StreamDataBlockedFrame[0|1977376]
00:25.079 Received DataBlockedFrame[4007662]
00:25.079 Received StreamDataBlockedFrame[0|2002380]
00:25.109 Received DataBlockedFrame[4258960]
00:25.109 Received StreamDataBlockedFrame[0|2027384]
00:25.140 Received DataBlockedFrame[4258960]
00:25.140 Received StreamDataBlockedFrame[0|2052486]
00:25.171 Received DataBlockedFrame[4258960]
00:25.171 Received StreamDataBlockedFrame[0|2078674]
00:25.203 Received DataBlockedFrame[4258960]
00:25.203 Received StreamDataBlockedFrame[0|2103678]
00:26.160 Received DataBlockedFrame[4258960]
00:26.160 Received StreamDataBlockedFrame[0|2128682]
00:26.191 Received DataBlockedFrame[4258960]
00:26.191 Received StreamDataBlockedFrame[0|2153685]
00:26.223 Received DataBlockedFrame[4258960]
00:26.223 Received StreamDataBlockedFrame[0|2179998]
00:26.254 Received DataBlockedFrame[4258960]
00:26.254 Received StreamDataBlockedFrame[0|2205002]
00:26.286 Received DataBlockedFrame[4258960]
00:26.286 Received StreamDataBlockedFrame[0|2231306]
00:26.317 Received DataBlockedFrame[4258960]
00:26.317 Received StreamDataBlockedFrame[0|2256310]
00:26.347 Received DataBlockedFrame[4510258]
00:26.347 Received StreamDataBlockedFrame[0|2281314]
00:26.378 Received DataBlockedFrame[4510258]
00:26.378 Received StreamDataBlockedFrame[0|2306416]
00:26.409 Received DataBlockedFrame[4510258]
00:26.409 Received StreamDataBlockedFrame[0|2332604]
00:27.367 Received DataBlockedFrame[4510258]
00:27.367 Received StreamDataBlockedFrame[0|2357608]
00:27.398 Received DataBlockedFrame[4510258]
00:27.398 Received StreamDataBlockedFrame[0|2382612]
00:27.430 Received DataBlockedFrame[4510258]
00:27.430 Received StreamDataBlockedFrame[0|2407615]
00:27.461 Received DataBlockedFrame[4510258]
00:27.461 Received StreamDataBlockedFrame[0|2433928]
00:27.493 Received DataBlockedFrame[4510258]
00:27.493 Received StreamDataBlockedFrame[0|2458932]
00:27.524 Received DataBlockedFrame[4510258]
00:27.524 Received StreamDataBlockedFrame[0|2485236]
00:27.556 Received DataBlockedFrame[4510258]
00:27.556 Received StreamDataBlockedFrame[0|2510240]
00:27.586 Received DataBlockedFrame[4761556]
00:27.586 Received StreamDataBlockedFrame[0|2535244]
00:27.616 Received DataBlockedFrame[4761556]
00:27.616 Received StreamDataBlockedFrame[0|2560346]
00:28.574 Received DataBlockedFrame[4761556]
00:28.574 Received StreamDataBlockedFrame[0|2586534]
00:28.605 Received DataBlockedFrame[4761556]
00:28.605 Received StreamDataBlockedFrame[0|2611538]
00:28.636 Received DataBlockedFrame[4761556]
00:28.636 Received StreamDataBlockedFrame[0|2636542]
00:28.668 Received DataBlockedFrame[4761556]
00:28.668 Received StreamDataBlockedFrame[0|2661545]
00:28.700 Received DataBlockedFrame[4761556]
00:28.700 Received StreamDataBlockedFrame[0|2687858]
00:28.731 Received DataBlockedFrame[4761556]
00:28.731 Received StreamDataBlockedFrame[0|2712862]
00:28.762 Received DataBlockedFrame[4761556]
00:28.762 Received StreamDataBlockedFrame[0|2739166]
00:28.794 Received DataBlockedFrame[5012854]
00:28.794 Received StreamDataBlockedFrame[0|2764170]
00:28.824 Received DataBlockedFrame[5012854]
00:28.824 Received StreamDataBlockedFrame[0|2789174]
00:29.781 Received DataBlockedFrame[5012854]
00:29.781 Received StreamDataBlockedFrame[0|2814276]
00:29.812 Received DataBlockedFrame[5012854]
00:29.812 Received StreamDataBlockedFrame[0|2840464]
00:29.843 Received DataBlockedFrame[5012854]
00:29.843 Received StreamDataBlockedFrame[0|2865468]
00:29.875 Received DataBlockedFrame[5012854]
00:29.875 Received StreamDataBlockedFrame[0|2890472]
00:29.906 Received DataBlockedFrame[5012854]
00:29.906 Received StreamDataBlockedFrame[0|2915475]
00:29.938 Received DataBlockedFrame[5012854]
00:29.938 Received StreamDataBlockedFrame[0|2941788]
00:29.970 Received DataBlockedFrame[5012854]
00:29.970 Received StreamDataBlockedFrame[0|2966792]
00:30.001 Received DataBlockedFrame[5012854]
00:30.001 Received StreamDataBlockedFrame[0|2993096]
00:30.032 Received DataBlockedFrame[5264152]
00:30.033 Received StreamDataBlockedFrame[0|3018100]
00:30.988 Received DataBlockedFrame[5264152]
00:30.988 Received StreamDataBlockedFrame[0|3043104]
00:31.019 Received DataBlockedFrame[5264152]
00:31.019 Received StreamDataBlockedFrame[0|3068206]
00:31.050 Received DataBlockedFrame[5264152]
00:31.050 Received StreamDataBlockedFrame[0|3094394]
00:31.082 Received DataBlockedFrame[5264152]
00:31.082 Received StreamDataBlockedFrame[0|3119398]
00:31.113 Received DataBlockedFrame[5264152]
00:31.113 Received StreamDataBlockedFrame[0|3144402]
00:31.145 Received DataBlockedFrame[5264152]
00:31.145 Received StreamDataBlockedFrame[0|3169405]
00:31.176 Received DataBlockedFrame[5264152]
00:31.176 Received StreamDataBlockedFrame[0|3195718]
00:31.208 Received DataBlockedFrame[5264152]
00:31.208 Received StreamDataBlockedFrame[0|3220722]
00:31.239 Received DataBlockedFrame[5264152]
00:31.239 Received StreamDataBlockedFrame[0|3247026]
00:32.195 Received DataBlockedFrame[5515450]
00:32.195 Received StreamDataBlockedFrame[0|3272030]
00:32.226 Received DataBlockedFrame[5515450]
00:32.226 Received StreamDataBlockedFrame[0|3297034]
00:32.257 Received DataBlockedFrame[5515450]
00:32.257 Received StreamDataBlockedFrame[0|3322136]
00:32.289 Received DataBlockedFrame[5515450]
00:32.289 Received StreamDataBlockedFrame[0|3348324]
00:32.320 Received DataBlockedFrame[5515450]
00:32.320 Received StreamDataBlockedFrame[0|3373328]
00:32.351 Received DataBlockedFrame[5515450]
00:32.352 Received StreamDataBlockedFrame[0|3398332]
00:32.383 Received DataBlockedFrame[5515450]
00:32.383 Received StreamDataBlockedFrame[0|3423335]
00:32.415 Received DataBlockedFrame[5515450]
00:32.415 Received StreamDataBlockedFrame[0|3449648]
00:32.446 Received DataBlockedFrame[5515450]
00:32.446 Received StreamDataBlockedFrame[0|3474652]
00:33.402 Received DataBlockedFrame[5515450]
00:33.402 Received StreamDataBlockedFrame[0|3500956]
00:33.433 Received DataBlockedFrame[5766748]
00:33.433 Received StreamDataBlockedFrame[0|3525960]
00:33.464 Received DataBlockedFrame[5766748]
00:33.464 Received StreamDataBlockedFrame[0|3550964]
00:33.496 Received DataBlockedFrame[5766748]
00:33.496 Received StreamDataBlockedFrame[0|3576066]
00:33.527 Received DataBlockedFrame[5766748]
00:33.527 Received StreamDataBlockedFrame[0|3602254]
00:33.560 Received DataBlockedFrame[5766748]
00:33.560 Received StreamDataBlockedFrame[0|3627258]
00:33.590 Received DataBlockedFrame[5766748]
00:33.590 Received StreamDataBlockedFrame[0|3652262]
00:33.621 Received DataBlockedFrame[5766748]
00:33.621 Received StreamDataBlockedFrame[0|3677265]
00:33.653 Received DataBlockedFrame[5766748]
00:33.653 Received StreamDataBlockedFrame[0|3703578]
00:34.608 Received DataBlockedFrame[5766748]
00:34.609 Received StreamDataBlockedFrame[0|3728582]
00:34.640 Received DataBlockedFrame[5766748]
00:34.640 Received StreamDataBlockedFrame[0|3754886]
00:34.671 Received DataBlockedFrame[6018046]
00:34.671 Received StreamDataBlockedFrame[0|3779890]
00:34.702 Received DataBlockedFrame[6018046]
00:34.702 Received StreamDataBlockedFrame[0|3804894]
00:34.734 Received DataBlockedFrame[6018046]
00:34.734 Received StreamDataBlockedFrame[0|3829996]
00:34.767 Received DataBlockedFrame[6018046]
00:34.767 Received StreamDataBlockedFrame[0|3856184]
00:34.798 Received DataBlockedFrame[6018046]
00:34.798 Received StreamDataBlockedFrame[0|3881188]
00:34.828 Received DataBlockedFrame[6018046]
00:34.828 Received StreamDataBlockedFrame[0|3906192]
00:34.860 Received DataBlockedFrame[6018046]
00:34.860 Received StreamDataBlockedFrame[0|3931195]
00:35.815 Received DataBlockedFrame[6018046]
00:35.816 Received StreamDataBlockedFrame[0|3957508]
00:35.847 Received DataBlockedFrame[6018046]
00:35.847 Received StreamDataBlockedFrame[0|3982512]
00:35.878 Received DataBlockedFrame[6018046]
00:35.878 Received StreamDataBlockedFrame[0|4008816]
00:35.910 Received DataBlockedFrame[6269344]
00:35.910 Received StreamDataBlockedFrame[0|4033820]
00:35.941 Received DataBlockedFrame[6269344]
00:35.941 Received StreamDataBlockedFrame[0|4058824]
00:35.974 Received DataBlockedFrame[6269344]
00:35.974 Received StreamDataBlockedFrame[0|4083926]
00:36.005 Received DataBlockedFrame[6269344]
00:36.005 Received StreamDataBlockedFrame[0|4110114]
00:36.037 Received DataBlockedFrame[6269344]
00:36.037 Received StreamDataBlockedFrame[0|4135118]
00:36.067 Received DataBlockedFrame[6269344]
00:36.067 Received StreamDataBlockedFrame[0|4160122]
00:37.022 Received DataBlockedFrame[6269344]
00:37.022 Received StreamDataBlockedFrame[0|4185125]
00:37.054 Received DataBlockedFrame[6269344]
00:37.054 Received StreamDataBlockedFrame[0|4211438]
00:37.085 Received DataBlockedFrame[6269344]
00:37.085 Received StreamDataBlockedFrame[0|4236442]
00:37.117 Received DataBlockedFrame[6269344]
00:37.117 Received StreamDataBlockedFrame[0|4262746]
00:37.148 Received DataBlockedFrame[6520642]
00:37.148 Received StreamDataBlockedFrame[0|4287750]
00:37.180 Received DataBlockedFrame[6520642]
00:37.181 Received StreamDataBlockedFrame[0|4312754]
00:37.212 Received DataBlockedFrame[6520642]
00:37.212 Received StreamDataBlockedFrame[0|4337856]
00:37.243 Received DataBlockedFrame[6520642]
00:37.243 Received StreamDataBlockedFrame[0|4364044]
00:37.275 Received DataBlockedFrame[6520642]
00:37.275 Received StreamDataBlockedFrame[0|4389048]
00:38.229 Received DataBlockedFrame[6520642]
00:38.229 Received StreamDataBlockedFrame[0|4414052]
00:38.260 Received DataBlockedFrame[6520642]
00:38.261 Received StreamDataBlockedFrame[0|4439055]
00:38.292 Received DataBlockedFrame[6520642]
00:38.292 Received StreamDataBlockedFrame[0|4465368]
00:38.324 Received DataBlockedFrame[6520642]
00:38.324 Received StreamDataBlockedFrame[0|4490372]
00:38.355 Received DataBlockedFrame[6520642]
00:38.355 Received StreamDataBlockedFrame[0|4516676]
00:38.387 Received DataBlockedFrame[6771940]
00:38.387 Received StreamDataBlockedFrame[0|4541680]
00:38.419 Received DataBlockedFrame[6771940]
00:38.419 Received StreamDataBlockedFrame[0|4566684]
00:38.450 Received DataBlockedFrame[6771940]
00:38.450 Received StreamDataBlockedFrame[0|4591786]
00:38.482 Received DataBlockedFrame[6771940]
00:38.482 Received StreamDataBlockedFrame[0|4617974]
00:39.436 Received DataBlockedFrame[6771940]
00:39.436 Received StreamDataBlockedFrame[0|4642978]
00:39.467 Received DataBlockedFrame[6771940]
00:39.467 Received StreamDataBlockedFrame[0|4667982]
00:39.499 Received DataBlockedFrame[6771940]
00:39.499 Received StreamDataBlockedFrame[0|4692985]
00:39.530 Received DataBlockedFrame[6771940]
00:39.530 Received StreamDataBlockedFrame[0|4719298]
00:39.562 Received DataBlockedFrame[6771940]
00:39.562 Received StreamDataBlockedFrame[0|4744302]
00:39.594 Received DataBlockedFrame[6771940]
00:39.594 Received StreamDataBlockedFrame[0|4770606]
00:39.626 Received DataBlockedFrame[7023238]
00:39.626 Received StreamDataBlockedFrame[0|4795610]
00:39.657 Received DataBlockedFrame[7023238]
00:39.657 Received StreamDataBlockedFrame[0|4820614]
00:39.688 Received DataBlockedFrame[7023238]
00:39.689 Received StreamDataBlockedFrame[0|4845716]
00:40.643 Received DataBlockedFrame[7023238]
00:40.643 Received StreamDataBlockedFrame[0|4871904]
00:40.674 Received DataBlockedFrame[7023238]
00:40.674 Received StreamDataBlockedFrame[0|4896908]
00:40.706 Received DataBlockedFrame[7023238]
00:40.706 Received StreamDataBlockedFrame[0|4921912]
00:40.737 Received DataBlockedFrame[7023238]
00:40.737 Received StreamDataBlockedFrame[0|4946915]
00:40.769 Received DataBlockedFrame[7023238]
00:40.769 Received StreamDataBlockedFrame[0|4973228]
00:40.801 Received DataBlockedFrame[7023238]
00:40.801 Received StreamDataBlockedFrame[0|4998232]
00:40.833 Received DataBlockedFrame[7274536]
00:40.833 Received StreamDataBlockedFrame[0|5024536]
00:40.864 Received DataBlockedFrame[7274536]
00:40.864 Received StreamDataBlockedFrame[0|5049540]
00:40.895 Received DataBlockedFrame[7274536]
00:40.895 Received StreamDataBlockedFrame[0|5074544]
00:41.850 Received DataBlockedFrame[7274536]
00:41.850 Received StreamDataBlockedFrame[0|5099646]
00:41.881 Received DataBlockedFrame[7274536]
00:41.881 Received StreamDataBlockedFrame[0|5125834]
00:41.913 Received DataBlockedFrame[7274536]
00:41.913 Received StreamDataBlockedFrame[0|5150838]
00:41.944 Received DataBlockedFrame[7274536]
00:41.944 Received StreamDataBlockedFrame[0|5175842]
00:41.976 Received DataBlockedFrame[7274536]
00:41.976 Received StreamDataBlockedFrame[0|5200845]
00:42.008 Received DataBlockedFrame[7274536]
00:42.008 Received StreamDataBlockedFrame[0|5227158]
00:42.039 Received DataBlockedFrame[7274536]
00:42.039 Received StreamDataBlockedFrame[0|5252162]
00:42.071 Received DataBlockedFrame[7524537]
00:42.071 Received StreamDataBlockedFrame[0|5278466]
00:42.103 Received DataBlockedFrame[7524537]
00:42.103 Received StreamDataBlockedFrame[0|5303470]
00:43.057 Received DataBlockedFrame[7524537]
00:43.057 Received StreamDataBlockedFrame[0|5328474]
00:43.088 Received DataBlockedFrame[7524537]
00:43.088 Received StreamDataBlockedFrame[0|5353576]
00:43.119 Received DataBlockedFrame[7524537]
00:43.119 Received StreamDataBlockedFrame[0|5379764]
00:43.151 Received DataBlockedFrame[7524537]
00:43.151 Received StreamDataBlockedFrame[0|5404768]
00:43.182 Received DataBlockedFrame[7524537]
00:43.182 Received StreamDataBlockedFrame[0|5429772]
00:43.214 Received DataBlockedFrame[7524537]
00:43.215 Received StreamDataBlockedFrame[0|5454775]
00:43.246 Received DataBlockedFrame[7524537]
00:43.246 Received StreamDataBlockedFrame[0|5481088]
00:43.278 Received DataBlockedFrame[7524537]
00:43.278 Received StreamDataBlockedFrame[0|5506092]
00:43.309 Received DataBlockedFrame[7775832]
00:43.309 Received StreamDataBlockedFrame[0|5532396]
00:44.264 Received DataBlockedFrame[7775832]
00:44.264 Received StreamDataBlockedFrame[0|5557400]
00:44.295 Received DataBlockedFrame[7775832]
00:44.295 Received StreamDataBlockedFrame[0|5582404]
00:44.326 Received DataBlockedFrame[7775832]
00:44.326 Received StreamDataBlockedFrame[0|5607506]
00:44.358 Received DataBlockedFrame[7775832]
00:44.358 Received StreamDataBlockedFrame[0|5633694]
00:44.389 Received DataBlockedFrame[7775832]
00:44.389 Received StreamDataBlockedFrame[0|5658698]
00:44.421 Received DataBlockedFrame[7775832]
00:44.421 Received StreamDataBlockedFrame[0|5683702]
00:44.453 Received DataBlockedFrame[7775832]
00:44.453 Received StreamDataBlockedFrame[0|5708705]
00:44.484 Received DataBlockedFrame[7775832]
00:44.484 Received StreamDataBlockedFrame[0|5735018]
00:44.516 Received DataBlockedFrame[7775832]
00:44.516 Received StreamDataBlockedFrame[0|5760022]
00:45.471 Received DataBlockedFrame[8027130]
00:45.471 Received StreamDataBlockedFrame[0|5786326]
00:45.502 Received DataBlockedFrame[8027130]
00:45.502 Received StreamDataBlockedFrame[0|5811330]
00:45.533 Received DataBlockedFrame[8027130]
00:45.533 Received StreamDataBlockedFrame[0|5836334]
00:45.564 Received DataBlockedFrame[8027130]
00:45.564 Received StreamDataBlockedFrame[0|5861436]
00:45.596 Received DataBlockedFrame[8027130]
00:45.596 Received StreamDataBlockedFrame[0|5887624]
00:45.628 Received DataBlockedFrame[8027130]
00:45.628 Received StreamDataBlockedFrame[0|5912628]
00:45.660 Received DataBlockedFrame[8027130]
00:45.660 Received StreamDataBlockedFrame[0|5937632]
00:45.691 Received DataBlockedFrame[8027130]
00:45.691 Received StreamDataBlockedFrame[0|5962635]
00:45.723 Received DataBlockedFrame[8027130]
00:45.723 Received StreamDataBlockedFrame[0|5988948]
00:46.678 Received DataBlockedFrame[8027130]
00:46.678 Received StreamDataBlockedFrame[0|6013952]
00:46.709 Received DataBlockedFrame[8278428]
00:46.709 Received StreamDataBlockedFrame[0|6040256]
00:46.740 Received DataBlockedFrame[8278428]
00:46.740 Received StreamDataBlockedFrame[0|6065260]
00:46.771 Received DataBlockedFrame[8278428]
00:46.771 Received StreamDataBlockedFrame[0|6090264]
00:46.803 Received DataBlockedFrame[8278428]
00:46.803 Received StreamDataBlockedFrame[0|6115366]
00:46.835 Received DataBlockedFrame[8278428]
00:46.835 Received StreamDataBlockedFrame[0|6141554]
00:46.866 Received DataBlockedFrame[8278428]
00:46.867 Received StreamDataBlockedFrame[0|6166558]
00:46.898 Received DataBlockedFrame[8278428]
00:46.898 Received StreamDataBlockedFrame[0|6191562]
00:46.930 Received DataBlockedFrame[8278428]
00:46.930 Received StreamDataBlockedFrame[0|6216565]
00:47.885 Received DataBlockedFrame[8278428]
00:47.885 Received StreamDataBlockedFrame[0|6242878]
00:47.916 Received DataBlockedFrame[8278428]
00:47.916 Received StreamDataBlockedFrame[0|6267882]
00:47.947 Received DataBlockedFrame[8529726]
00:47.947 Received StreamDataBlockedFrame[0|6294186]
00:47.979 Received DataBlockedFrame[8529726]
00:47.979 Received StreamDataBlockedFrame[0|6319190]
00:48.009 Received DataBlockedFrame[8529726]
00:48.009 Received StreamDataBlockedFrame[0|6344194]
00:48.041 Received DataBlockedFrame[8529726]
00:48.041 Received StreamDataBlockedFrame[0|6369296]
00:48.073 Received DataBlockedFrame[8529726]
00:48.073 Received StreamDataBlockedFrame[0|6395484]
00:48.105 Received DataBlockedFrame[8529726]
00:48.105 Received StreamDataBlockedFrame[0|6420488]
00:48.136 Received DataBlockedFrame[8529726]
00:48.136 Received StreamDataBlockedFrame[0|6445492]
00:49.092 Received DataBlockedFrame[8529726]
00:49.092 Received StreamDataBlockedFrame[0|6470495]
00:49.123 Received DataBlockedFrame[8529726]
00:49.123 Received StreamDataBlockedFrame[0|6496808]
00:49.154 Received DataBlockedFrame[8529726]
00:49.154 Received StreamDataBlockedFrame[0|6521812]
00:49.186 Received DataBlockedFrame[8781024]
00:49.186 Received StreamDataBlockedFrame[0|6548116]
00:49.217 Received DataBlockedFrame[8781024]
00:49.217 Received StreamDataBlockedFrame[0|6573120]
00:49.248 Received DataBlockedFrame[8781024]
00:49.248 Received StreamDataBlockedFrame[0|6598124]
00:49.280 Received DataBlockedFrame[8781024]
00:49.280 Received StreamDataBlockedFrame[0|6623226]
00:49.312 Received DataBlockedFrame[8781024]
00:49.312 Received StreamDataBlockedFrame[0|6649414]
00:49.343 Received DataBlockedFrame[8781024]
00:49.343 Received StreamDataBlockedFrame[0|6674418]
00:50.298 Received DataBlockedFrame[8781024]
00:50.299 Received StreamDataBlockedFrame[0|6699422]
00:50.330 Received DataBlockedFrame[8781024]
00:50.330 Received StreamDataBlockedFrame[0|6724425]
00:50.361 Received DataBlockedFrame[8781024]
00:50.361 Received StreamDataBlockedFrame[0|6750738]
00:50.393 Received DataBlockedFrame[8781024]
00:50.393 Received StreamDataBlockedFrame[0|6775742]
00:50.424 Received DataBlockedFrame[9032322]
00:50.424 Received StreamDataBlockedFrame[0|6802046]
00:50.456 Received DataBlockedFrame[9032322]
00:50.456 Received StreamDataBlockedFrame[0|6827050]
00:50.487 Received DataBlockedFrame[9032322]
00:50.487 Received StreamDataBlockedFrame[0|6852054]
00:50.518 Received DataBlockedFrame[9032322]
00:50.518 Received StreamDataBlockedFrame[0|6877156]
00:50.550 Received DataBlockedFrame[9032322]
00:50.550 Received StreamDataBlockedFrame[0|6903344]
00:51.505 Received DataBlockedFrame[9032322]
00:51.505 Received StreamDataBlockedFrame[0|6928348]
00:51.536 Received DataBlockedFrame[9032322]
00:51.537 Received StreamDataBlockedFrame[0|6953352]
00:51.568 Received DataBlockedFrame[9032322]
00:51.568 Received StreamDataBlockedFrame[0|6978355]
00:51.600 Received DataBlockedFrame[9032322]
00:51.600 Received StreamDataBlockedFrame[0|7004668]
00:51.631 Received DataBlockedFrame[9032322]
00:51.631 Received StreamDataBlockedFrame[0|7029672]
00:51.662 Received DataBlockedFrame[9283620]
00:51.662 Received StreamDataBlockedFrame[0|7055976]
00:51.694 Received DataBlockedFrame[9283620]
00:51.694 Received StreamDataBlockedFrame[0|7080980]
00:51.725 Received DataBlockedFrame[9283620]
00:51.725 Received StreamDataBlockedFrame[0|7105984]
00:51.757 Received DataBlockedFrame[9283620]
00:51.757 Received StreamDataBlockedFrame[0|7131086]
00:52.714 Received DataBlockedFrame[9283620]
00:52.714 Received StreamDataBlockedFrame[0|7157274]
00:52.745 Received DataBlockedFrame[9283620]
00:52.745 Received StreamDataBlockedFrame[0|7182278]
00:52.775 Received DataBlockedFrame[9283620]
00:52.775 Received StreamDataBlockedFrame[0|7207282]
00:52.806 Received DataBlockedFrame[9283620]
00:52.806 Received StreamDataBlockedFrame[0|7232285]
00:52.838 Received DataBlockedFrame[9283620]
00:52.838 Received StreamDataBlockedFrame[0|7258598]
00:52.870 Received DataBlockedFrame[9283620]
00:52.870 Received StreamDataBlockedFrame[0|7283602]
00:52.901 Received DataBlockedFrame[9534918]
00:52.901 Received StreamDataBlockedFrame[0|7309906]
00:52.932 Received DataBlockedFrame[9534918]
00:52.932 Received StreamDataBlockedFrame[0|7334910]
00:52.963 Received DataBlockedFrame[9534918]
00:52.963 Received StreamDataBlockedFrame[0|7359914]
00:53.921 Received DataBlockedFrame[9534918]
00:53.921 Received StreamDataBlockedFrame[0|7385016]
00:53.952 Received DataBlockedFrame[9534918]
00:53.952 Received StreamDataBlockedFrame[0|7411204]
00:53.983 Received DataBlockedFrame[9534918]
00:53.983 Received StreamDataBlockedFrame[0|7436208]
00:54.013 Received DataBlockedFrame[9534918]
00:54.013 Received StreamDataBlockedFrame[0|7461212]
00:54.045 Received DataBlockedFrame[9534918]
00:54.045 Received StreamDataBlockedFrame[0|7486215]
00:54.076 Received DataBlockedFrame[9534918]
00:54.076 Received StreamDataBlockedFrame[0|7512528]
00:54.108 Received DataBlockedFrame[9786216]
00:54.108 Received StreamDataBlockedFrame[0|7537532]
00:54.139 Received DataBlockedFrame[9786216]
00:54.139 Received StreamDataBlockedFrame[0|7563836]
00:54.171 Received DataBlockedFrame[9786216]
00:54.171 Received StreamDataBlockedFrame[0|7588840]
00:55.128 Received DataBlockedFrame[9786216]
00:55.128 Received StreamDataBlockedFrame[0|7613844]
00:55.159 Received DataBlockedFrame[9786216]
00:55.159 Received StreamDataBlockedFrame[0|7638946]
00:55.190 Received DataBlockedFrame[9786216]
00:55.190 Received StreamDataBlockedFrame[0|7665134]
00:55.221 Received DataBlockedFrame[9786216]
00:55.222 Received StreamDataBlockedFrame[0|7690138]
00:55.252 Received DataBlockedFrame[9786216]
00:55.252 Received StreamDataBlockedFrame[0|7715142]
00:55.283 Received DataBlockedFrame[9786216]
00:55.283 Received StreamDataBlockedFrame[0|7740145]
00:55.315 Received DataBlockedFrame[9786216]
00:55.315 Received StreamDataBlockedFrame[0|7766458]
00:55.346 Received DataBlockedFrame[10037514]
00:55.346 Received StreamDataBlockedFrame[0|7791462]
00:55.377 Received DataBlockedFrame[10037514]
00:55.377 Received StreamDataBlockedFrame[0|7817766]
00:56.335 Received DataBlockedFrame[10037514]
00:56.335 Received StreamDataBlockedFrame[0|7842770]
00:56.365 Received DataBlockedFrame[10037514]
00:56.365 Received StreamDataBlockedFrame[0|7867774]
00:56.397 Received DataBlockedFrame[10037514]
00:56.397 Received StreamDataBlockedFrame[0|7892876]
00:56.428 Received DataBlockedFrame[10037514]
00:56.428 Received StreamDataBlockedFrame[0|7919064]
00:56.460 Received DataBlockedFrame[10037514]
00:56.460 Received StreamDataBlockedFrame[0|7944068]
00:56.490 Received DataBlockedFrame[10037514]
00:56.490 Received StreamDataBlockedFrame[0|7969072]
00:56.521 Received DataBlockedFrame[10037514]
00:56.521 Received StreamDataBlockedFrame[0|7994075]
00:56.553 Received DataBlockedFrame[10037514]
00:56.553 Received StreamDataBlockedFrame[0|8020388]
00:56.585 Received DataBlockedFrame[10288812]
00:56.585 Received StreamDataBlockedFrame[0|8045392]
00:57.541 Received DataBlockedFrame[10288812]
00:57.541 Received StreamDataBlockedFrame[0|8071696]
00:57.573 Received DataBlockedFrame[10288812]
00:57.573 Received StreamDataBlockedFrame[0|8096700]
00:57.604 Received DataBlockedFrame[10288812]
00:57.604 Received StreamDataBlockedFrame[0|8121704]
00:57.635 Received DataBlockedFrame[10288812]
00:57.635 Received StreamDataBlockedFrame[0|8146806]
00:57.666 Received DataBlockedFrame[10288812]
00:57.666 Received StreamDataBlockedFrame[0|8172994]
00:57.698 Received DataBlockedFrame[10288812]
00:57.698 Received StreamDataBlockedFrame[0|8197998]
00:57.728 Received DataBlockedFrame[10288812]
00:57.728 Received StreamDataBlockedFrame[0|8223002]
00:57.760 Received DataBlockedFrame[10288812]
00:57.760 Received StreamDataBlockedFrame[0|8248005]
00:57.791 Received DataBlockedFrame[10288812]
00:57.792 Received StreamDataBlockedFrame[0|8274318]
00:58.748 Received StreamDataBlockedFrame[0|8299322]
00:58.780 Received StreamDataBlockedFrame[0|8325626]
00:58.811 Received StreamDataBlockedFrame[0|8350630]
00:58.842 Received StreamDataBlockedFrame[0|8375634]
00:58.874 Received StreamDataBlockedFrame[0|8400736]
00:58.905 Received StreamDataBlockedFrame[0|8426924]
00:58.936 Received StreamDataBlockedFrame[0|8451928]
00:58.966 Received StreamDataBlockedFrame[0|8476932]
00:58.998 Received StreamDataBlockedFrame[0|8501935]
00:59.954 Received StreamDataBlockedFrame[0|8526937]
00:59.985 Received StreamDataBlockedFrame[0|8551941]
01:00.016 Received StreamDataBlockedFrame[0|8578245]
01:00.048 Received StreamDataBlockedFrame[0|8603249]
01:00.079 Received StreamDataBlockedFrame[0|8628253]
01:00.110 Received StreamDataBlockedFrame[0|8653355]
01:00.141 Received StreamDataBlockedFrame[0|8679543]
01:00.173 Received StreamDataBlockedFrame[0|8704547]
01:00.203 Received StreamDataBlockedFrame[0|8729551]
01:01.159 Received StreamDataBlockedFrame[0|8754554]
01:01.190 Received StreamDataBlockedFrame[0|8779556]
01:01.221 Received StreamDataBlockedFrame[0|8804560]
01:01.253 Received StreamDataBlockedFrame[0|8830864]
01:01.284 Received StreamDataBlockedFrame[0|8855868]
01:01.315 Received StreamDataBlockedFrame[0|8880872]
01:01.346 Received StreamDataBlockedFrame[0|8905974]
01:01.378 Received StreamDataBlockedFrame[0|8932162]
01:01.409 Received StreamDataBlockedFrame[0|8957166]
01:02.365 Received StreamDataBlockedFrame[0|8982170]
01:02.395 Received StreamDataBlockedFrame[0|9007173]
01:02.427 Received StreamDataBlockedFrame[0|9032175]
01:02.458 Received StreamDataBlockedFrame[0|9057179]
01:02.490 Received StreamDataBlockedFrame[0|9083483]
01:02.521 Received StreamDataBlockedFrame[0|9108487]
01:02.552 Received StreamDataBlockedFrame[0|9133491]
01:02.583 Received StreamDataBlockedFrame[0|9158593]
01:02.614 Received StreamDataBlockedFrame[0|9184781]
01:03.571 Received StreamDataBlockedFrame[0|9209785]
01:03.600 Received StreamDataBlockedFrame[0|9234789]
01:03.632 Received StreamDataBlockedFrame[0|9259792]
01:03.663 Received StreamDataBlockedFrame[0|9284794]
01:03.695 Received StreamDataBlockedFrame[0|9309798]
01:03.726 Received StreamDataBlockedFrame[0|9336102]
01:03.758 Received StreamDataBlockedFrame[0|9361106]
01:03.788 Received StreamDataBlockedFrame[0|9386110]
01:03.820 Received StreamDataBlockedFrame[0|9411212]
01:04.776 Received StreamDataBlockedFrame[0|9437400]
01:04.807 Received StreamDataBlockedFrame[0|9462404]
01:04.837 Received StreamDataBlockedFrame[0|9487408]
01:04.876 Received StreamDataBlockedFrame[0|9512411]
01:04.906 Received StreamDataBlockedFrame[0|9537413]
01:04.936 Received StreamDataBlockedFrame[0|9562417]
01:04.966 Received StreamDataBlockedFrame[0|9588721]
01:04.998 Received StreamDataBlockedFrame[0|9613725]
01:05.028 Received StreamDataBlockedFrame[0|9638729]
01:05.982 Received StreamDataBlockedFrame[0|9663831]
01:06.013 Received StreamDataBlockedFrame[0|9690019]
01:06.044 Received StreamDataBlockedFrame[0|9715023]
01:06.081 Received StreamDataBlockedFrame[0|9740027]
01:06.112 Received StreamDataBlockedFrame[0|9765030]
01:06.141 Received StreamDataBlockedFrame[0|9790032]
01:06.171 Received StreamDataBlockedFrame[0|9815036]
01:06.203 Received StreamDataBlockedFrame[0|9841340]
01:06.235 Received StreamDataBlockedFrame[0|9866344]
01:07.187 Received StreamDataBlockedFrame[0|9891348]
01:07.218 Received StreamDataBlockedFrame[0|9916450]
01:07.249 Received StreamDataBlockedFrame[0|9942638]
01:07.286 Received StreamDataBlockedFrame[0|9967642]
01:07.316 Received StreamDataBlockedFrame[0|9992646]
01:07.347 Received StreamDataBlockedFrame[0|10017649]
01:07.377 Received StreamDataBlockedFrame[0|10042651]
01:07.408 Received StreamDataBlockedFrame[0|10067655]
01:07.440 Received StreamDataBlockedFrame[0|10093959]
