59:22.866 Creating connection with server4:443 with v1
59:22.949 Original destination connection id: 01a6a369e64190b3 (scid: 21c739f76622ca6c)
59:24.458 Discarding packet (1200 bytes) that cannot be decrypted (Missing keys for encryption level Initial (keys discarded))
59:24.859 Discarding packet (1200 bytes) that cannot be decrypted (Missing keys for encryption level Initial (keys discarded))
59:24.860 Discarding packet (1200 bytes) that cannot be decrypted (Missing keys for encryption level Initial (keys discarded))
59:25.254 Discarding packet (1200 bytes) that cannot be decrypted (Missing keys for encryption level Initial (keys discarded))
59:25.602 Received DataBlockedFrame[2500000]
59:26.774 Received DataBlockedFrame[2500000]
59:26.808 Received DataBlockedFrame[2500000]
59:26.814 Received DataBlockedFrame[2500000]
59:26.821 Received DataBlockedFrame[2500000]
59:26.827 Received DataBlockedFrame[2500000]
59:26.833 Received DataBlockedFrame[2500000]
59:27.999 Received DataBlockedFrame[2500000]
59:27.999 Received StreamDataBlockedFrame[4|250000]
59:27.999 Received StreamDataBlockedFrame[8|250000]
59:27.999 Received StreamDataBlockedFrame[0|250000]
59:29.230 Received DataBlockedFrame[2500000]
59:29.232 Received DataBlockedFrame[2500000]
59:29.239 Received DataBlockedFrame[2500000]
59:29.245 Received DataBlockedFrame[2500000]
59:29.251 Received DataBlockedFrame[2500000]
59:29.257 Received DataBlockedFrame[2500000]
59:29.264 Received DataBlockedFrame[2500000]
59:29.270 Received DataBlockedFrame[2500000]
59:29.276 Received DataBlockedFrame[2500000]
59:29.276 Received StreamDataBlockedFrame[0|275288]
59:29.283 Received DataBlockedFrame[2500000]
59:29.283 Received StreamDataBlockedFrame[4|275457]
59:29.302 Received DataBlockedFrame[2500000]
59:29.305 Received DataBlockedFrame[2500000]
59:29.311 Received DataBlockedFrame[2500000]
59:29.317 Received DataBlockedFrame[2500000]
59:29.324 Received DataBlockedFrame[2500000]
59:29.330 Received DataBlockedFrame[2500000]
59:29.330 Received StreamDataBlockedFrame[8|275286]
59:29.412 Received DataBlockedFrame[2500000]
59:29.418 Received DataBlockedFrame[2500000]
59:29.425 Received DataBlockedFrame[2500000]
59:29.431 Received DataBlockedFrame[2500000]
59:29.437 Received DataBlockedFrame[2500000]
59:29.444 Received DataBlockedFrame[2500000]
59:29.450 Received DataBlockedFrame[2500000]
59:29.450 Received StreamDataBlockedFrame[0|300292]
59:29.456 Received DataBlockedFrame[2500000]
59:29.462 Received DataBlockedFrame[2500000]
59:29.469 Received DataBlockedFrame[2500000]
59:29.469 Received StreamDataBlockedFrame[4|300461]
59:29.482 Received DataBlockedFrame[2500000]
59:29.485 Received DataBlockedFrame[2500000]
59:29.491 Received DataBlockedFrame[2500000]
59:29.497 Received DataBlockedFrame[2500000]
59:29.504 Received DataBlockedFrame[2500000]
59:29.510 Received DataBlockedFrame[2500000]
59:29.510 Received StreamDataBlockedFrame[8|300290]
59:29.586 Received DataBlockedFrame[2500000]
59:29.589 Received DataBlockedFrame[2500000]
59:29.595 Received DataBlockedFrame[2500000]
59:29.602 Received DataBlockedFrame[2500000]
59:29.604 Received DataBlockedFrame[2500000]
59:29.611 Received DataBlockedFrame[2500000]
59:29.617 Received DataBlockedFrame[2500000]
59:29.623 Received DataBlockedFrame[2500000]
59:29.623 Received StreamDataBlockedFrame[0|325296]
59:29.630 Received DataBlockedFrame[2500000]
59:29.636 Received DataBlockedFrame[2500000]
59:29.642 Received DataBlockedFrame[2500000]
59:29.642 Received StreamDataBlockedFrame[4|325465]
59:29.661 Received DataBlockedFrame[2500000]
59:29.664 Received DataBlockedFrame[2500000]
59:29.671 Received DataBlockedFrame[2500000]
59:29.677 Received DataBlockedFrame[2500000]
59:29.683 Received DataBlockedFrame[2751059]
59:29.690 Received DataBlockedFrame[2751059]
59:29.690 Received StreamDataBlockedFrame[8|325294]
59:29.778 Received DataBlockedFrame[2751059]
59:29.784 Received DataBlockedFrame[2751059]
59:29.791 Received DataBlockedFrame[2751059]
59:29.797 Received DataBlockedFrame[2751059]
59:29.803 Received DataBlockedFrame[2751059]
59:29.810 Received DataBlockedFrame[2751059]
59:29.816 Received DataBlockedFrame[2751059]
59:29.816 Received StreamDataBlockedFrame[0|350300]
59:29.822 Received DataBlockedFrame[2751059]
59:29.829 Received DataBlockedFrame[2751059]
59:29.829 Received StreamDataBlockedFrame[4|350469]
59:29.841 Received DataBlockedFrame[2751059]
59:29.844 Received DataBlockedFrame[2751059]
59:29.851 Received DataBlockedFrame[2751059]
59:29.857 Received DataBlockedFrame[2751059]
59:29.863 Received DataBlockedFrame[2751059]
59:29.869 Received DataBlockedFrame[2751059]
59:29.870 Received StreamDataBlockedFrame[8|350298]
59:29.946 Received DataBlockedFrame[2751059]
59:29.952 Received DataBlockedFrame[2751059]
59:29.958 Received DataBlockedFrame[2751059]
59:29.964 Received DataBlockedFrame[2751059]
59:29.970 Received DataBlockedFrame[2751059]
59:29.977 Received DataBlockedFrame[2751059]
59:29.983 Received DataBlockedFrame[2751059]
59:29.983 Received StreamDataBlockedFrame[0|375304]
59:29.989 Received DataBlockedFrame[2751059]
59:29.996 Received DataBlockedFrame[2751059]
59:30.002 Received DataBlockedFrame[2751059]
59:30.002 Received StreamDataBlockedFrame[4|375472]
59:30.033 Received DataBlockedFrame[2751059]
59:30.035 Received DataBlockedFrame[2751059]
59:30.409 Received DataBlockedFrame[2751059]
59:30.413 Received DataBlockedFrame[2751059]
59:30.419 Received DataBlockedFrame[2751059]
59:30.425 Received DataBlockedFrame[2751059]
59:30.432 Received DataBlockedFrame[2751059]
59:30.432 Received StreamDataBlockedFrame[8|376068]
59:30.454 Received DataBlockedFrame[2751059]
59:30.470 Received DataBlockedFrame[2751059]
59:30.470 Received StreamDataBlockedFrame[0|401218]
59:30.482 Received DataBlockedFrame[2751059]
59:30.488 Received DataBlockedFrame[2751059]
59:30.494 Received DataBlockedFrame[2751059]
59:30.501 Received DataBlockedFrame[2751059]
59:30.501 Received StreamDataBlockedFrame[4|401041]
59:30.516 Received DataBlockedFrame[2751059]
59:30.531 Received DataBlockedFrame[2751059]
59:30.531 Received StreamDataBlockedFrame[8|402332]
59:30.548 Received StreamDataBlockedFrame[0|427476]
59:30.564 Received DataBlockedFrame[3001880]
59:30.564 Received StreamDataBlockedFrame[4|427331]
59:30.612 Received DataBlockedFrame[3001880]
59:30.612 Received StreamDataBlockedFrame[8|428622]
59:30.643 Received StreamDataBlockedFrame[0|453771]
59:30.659 Received DataBlockedFrame[3001880]
59:30.659 Received StreamDataBlockedFrame[4|453621]
59:30.706 Received DataBlockedFrame[3001880]
59:30.707 Received StreamDataBlockedFrame[8|454902]
59:30.738 Received DataBlockedFrame[3001880]
59:30.738 Received StreamDataBlockedFrame[0|480033]
59:30.754 Received DataBlockedFrame[3001880]
59:30.754 Received StreamDataBlockedFrame[4|479894]
59:30.801 Received DataBlockedFrame[3001880]
59:30.801 Received StreamDataBlockedFrame[8|481197]
59:30.833 Received StreamDataBlockedFrame[0|506300]
59:30.848 Received DataBlockedFrame[3252869]
59:30.849 Received StreamDataBlockedFrame[4|506172]
59:30.896 Received DataBlockedFrame[3252869]
59:30.896 Received StreamDataBlockedFrame[8|507477]
59:30.927 Received StreamDataBlockedFrame[0|532561]
59:30.943 Received DataBlockedFrame[3252869]
59:30.943 Received StreamDataBlockedFrame[4|532467]
59:30.990 Received DataBlockedFrame[3252869]
59:30.991 Received StreamDataBlockedFrame[8|533772]
59:31.022 Received StreamDataBlockedFrame[0|558851]
59:31.038 Received DataBlockedFrame[3252869]
59:31.038 Received StreamDataBlockedFrame[4|558757]
59:31.085 Received DataBlockedFrame[3252869]
59:31.085 Received StreamDataBlockedFrame[8|560034]
59:31.117 Received StreamDataBlockedFrame[0|585118]
59:31.132 Received DataBlockedFrame[3252869]
59:31.133 Received StreamDataBlockedFrame[4|585041]
59:31.180 Received DataBlockedFrame[3503863]
59:31.180 Received StreamDataBlockedFrame[8|586322]
59:31.212 Received StreamDataBlockedFrame[0|611379]
59:31.227 Received DataBlockedFrame[3503863]
59:31.227 Received StreamDataBlockedFrame[4|611326]
59:31.633 Received DataBlockedFrame[3503863]
59:31.633 Received StreamDataBlockedFrame[8|611380]
59:31.671 Received StreamDataBlockedFrame[0|637127]
59:31.701 Received DataBlockedFrame[3503863]
59:31.702 Received StreamDataBlockedFrame[4|637038]
59:31.732 Received DataBlockedFrame[3503863]
59:31.732 Received StreamDataBlockedFrame[8|636576]
59:31.765 Received StreamDataBlockedFrame[0|663040]
59:31.796 Received DataBlockedFrame[3503863]
59:31.796 Received StreamDataBlockedFrame[4|662876]
59:31.827 Received DataBlockedFrame[3753950]
59:31.827 Received StreamDataBlockedFrame[8|662834]
59:31.860 Received StreamDataBlockedFrame[0|689298]
59:31.891 Received DataBlockedFrame[3753950]
59:31.891 Received StreamDataBlockedFrame[4|689166]
59:31.923 Received DataBlockedFrame[3753950]
59:31.923 Received StreamDataBlockedFrame[8|689124]
59:31.954 Received StreamDataBlockedFrame[0|715588]
59:31.986 Received DataBlockedFrame[3753950]
59:31.986 Received StreamDataBlockedFrame[4|715456]
59:32.018 Received DataBlockedFrame[3753950]
59:32.018 Received StreamDataBlockedFrame[8|715404]
59:32.049 Received StreamDataBlockedFrame[0|741855]
59:32.081 Received DataBlockedFrame[3753950]
59:32.081 Received StreamDataBlockedFrame[4|741729]
59:32.112 Received DataBlockedFrame[4004171]
59:32.112 Received StreamDataBlockedFrame[8|741699]
59:32.144 Received StreamDataBlockedFrame[0|768122]
59:32.175 Received DataBlockedFrame[4004171]
59:32.175 Received StreamDataBlockedFrame[4|768007]
59:32.207 Received DataBlockedFrame[4004171]
59:32.207 Received StreamDataBlockedFrame[8|767979]
59:32.238 Received StreamDataBlockedFrame[0|794383]
59:32.270 Received DataBlockedFrame[4004171]
59:32.270 Received StreamDataBlockedFrame[4|794302]
59:32.302 Received DataBlockedFrame[4004171]
59:32.302 Received StreamDataBlockedFrame[8|794274]
59:32.334 Received StreamDataBlockedFrame[0|820673]
59:32.365 Received DataBlockedFrame[4004171]
59:32.366 Received StreamDataBlockedFrame[4|820592]
59:32.397 Received DataBlockedFrame[4004171]
59:32.397 Received StreamDataBlockedFrame[8|820536]
59:32.429 Received StreamDataBlockedFrame[0|846940]
59:32.460 Received DataBlockedFrame[4255160]
59:32.460 Received StreamDataBlockedFrame[4|846876]
59:32.849 Received DataBlockedFrame[4255160]
59:32.849 Received StreamDataBlockedFrame[8|846824]
59:32.889 Received StreamDataBlockedFrame[0|873201]
59:32.918 Received DataBlockedFrame[4255160]
59:32.918 Received StreamDataBlockedFrame[4|873143]
59:32.950 Received DataBlockedFrame[4255160]
59:32.950 Received StreamDataBlockedFrame[8|871882]
59:32.981 Received StreamDataBlockedFrame[0|898949]
59:33.014 Received DataBlockedFrame[4255160]
59:33.014 Received StreamDataBlockedFrame[4|898855]
59:33.045 Received DataBlockedFrame[4255160]
59:33.045 Received StreamDataBlockedFrame[8|897078]
59:33.076 Received StreamDataBlockedFrame[0|924862]
59:33.107 Received DataBlockedFrame[4505832]
59:33.107 Received StreamDataBlockedFrame[4|924693]
59:33.138 Received DataBlockedFrame[4505832]
59:33.138 Received StreamDataBlockedFrame[8|923336]
59:33.171 Received StreamDataBlockedFrame[0|951120]
59:33.202 Received DataBlockedFrame[4505832]
59:33.202 Received StreamDataBlockedFrame[4|950983]
59:33.234 Received DataBlockedFrame[4505832]
59:33.234 Received StreamDataBlockedFrame[8|949626]
59:33.265 Received StreamDataBlockedFrame[0|977410]
59:33.297 Received DataBlockedFrame[4505832]
59:33.297 Received StreamDataBlockedFrame[4|977273]
59:33.329 Received DataBlockedFrame[4505832]
59:33.329 Received StreamDataBlockedFrame[8|975906]
59:33.360 Received StreamDataBlockedFrame[0|1003677]
59:33.392 Received DataBlockedFrame[4756792]
59:33.392 Received StreamDataBlockedFrame[4|1003546]
59:33.424 Received DataBlockedFrame[4756792]
59:33.424 Received StreamDataBlockedFrame[8|1002201]
59:33.456 Received StreamDataBlockedFrame[0|1029944]
59:33.487 Received DataBlockedFrame[4756792]
59:33.487 Received StreamDataBlockedFrame[4|1029824]
59:33.519 Received DataBlockedFrame[4756792]
59:33.519 Received StreamDataBlockedFrame[8|1028481]
59:33.551 Received StreamDataBlockedFrame[0|1056205]
59:33.582 Received DataBlockedFrame[4756792]
59:33.582 Received StreamDataBlockedFrame[4|1056119]
59:33.614 Received DataBlockedFrame[4756792]
59:33.614 Received StreamDataBlockedFrame[8|1054776]
59:33.646 Received StreamDataBlockedFrame[0|1082495]
59:33.677 Received DataBlockedFrame[4756792]
59:33.677 Received StreamDataBlockedFrame[4|1082409]
59:34.065 Received DataBlockedFrame[5007775]
59:34.065 Received StreamDataBlockedFrame[8|1081038]
59:34.104 Received StreamDataBlockedFrame[0|1108762]
59:34.136 Received DataBlockedFrame[5007775]
59:34.136 Received StreamDataBlockedFrame[4|1108693]
59:34.167 Received DataBlockedFrame[5007775]
59:34.167 Received StreamDataBlockedFrame[8|1107326]
59:34.199 Received StreamDataBlockedFrame[0|1135023]
59:34.231 Received DataBlockedFrame[5007775]
59:34.231 Received StreamDataBlockedFrame[4|1134960]
59:34.262 Received DataBlockedFrame[5007775]
59:34.262 Received StreamDataBlockedFrame[8|1132384]
59:34.293 Received StreamDataBlockedFrame[0|1160771]
59:34.324 Received DataBlockedFrame[5007775]
59:34.324 Received StreamDataBlockedFrame[4|1160672]
59:34.355 Received DataBlockedFrame[5007775]
59:34.355 Received StreamDataBlockedFrame[8|1157580]
59:34.387 Received StreamDataBlockedFrame[0|1186684]
59:34.419 Received DataBlockedFrame[5258450]
59:34.419 Received StreamDataBlockedFrame[4|1186510]
59:34.450 Received DataBlockedFrame[5258450]
59:34.450 Received StreamDataBlockedFrame[8|1183838]
59:34.482 Received StreamDataBlockedFrame[0|1212942]
59:34.513 Received DataBlockedFrame[5258450]
59:34.514 Received StreamDataBlockedFrame[4|1212800]
59:34.545 Received DataBlockedFrame[5258450]
59:34.545 Received StreamDataBlockedFrame[8|1210128]
59:34.577 Received StreamDataBlockedFrame[0|1239232]
59:34.608 Received DataBlockedFrame[5258450]
59:34.608 Received StreamDataBlockedFrame[4|1239090]
59:34.640 Received DataBlockedFrame[5258450]
59:34.640 Received StreamDataBlockedFrame[8|1236408]
59:34.672 Received StreamDataBlockedFrame[0|1265499]
59:34.704 Received DataBlockedFrame[5509411]
59:34.705 Received StreamDataBlockedFrame[4|1265363]
59:34.736 Received DataBlockedFrame[5509411]
59:34.736 Received StreamDataBlockedFrame[8|1262703]
59:34.768 Received StreamDataBlockedFrame[0|1291766]
59:34.799 Received DataBlockedFrame[5509411]
59:34.799 Received StreamDataBlockedFrame[4|1291641]
59:34.831 Received DataBlockedFrame[5509411]
59:34.831 Received StreamDataBlockedFrame[8|1288983]
59:34.862 Received StreamDataBlockedFrame[0|1318027]
59:34.894 Received DataBlockedFrame[5509411]
59:34.894 Received StreamDataBlockedFrame[4|1317936]
59:35.280 Received DataBlockedFrame[5509411]
59:35.280 Received StreamDataBlockedFrame[8|1315278]
59:35.320 Received StreamDataBlockedFrame[0|1344317]
59:35.352 Received DataBlockedFrame[5760394]
59:35.352 Received StreamDataBlockedFrame[4|1344226]
59:35.384 Received DataBlockedFrame[5760394]
59:35.384 Received StreamDataBlockedFrame[8|1341540]
59:35.416 Received StreamDataBlockedFrame[0|1370584]
59:35.447 Received DataBlockedFrame[5760394]
59:35.447 Received StreamDataBlockedFrame[4|1370510]
59:35.479 Received DataBlockedFrame[5760394]
59:35.479 Received StreamDataBlockedFrame[8|1367828]
59:35.512 Received StreamDataBlockedFrame[0|1396845]
59:35.542 Received DataBlockedFrame[5760394]
59:35.542 Received StreamDataBlockedFrame[4|1396777]
59:35.573 Received DataBlockedFrame[5760394]
59:35.573 Received StreamDataBlockedFrame[8|1392886]
59:35.604 Received StreamDataBlockedFrame[0|1422593]
59:35.635 Received DataBlockedFrame[6011493]
59:35.635 Received StreamDataBlockedFrame[4|1422489]
59:35.666 Received StreamDataBlockedFrame[8|1418082]
59:35.698 Received StreamDataBlockedFrame[0|1448506]
59:35.730 Received DataBlockedFrame[6011493]
59:35.730 Received StreamDataBlockedFrame[4|1448327]
59:35.761 Received DataBlockedFrame[6011493]
59:35.761 Received StreamDataBlockedFrame[8|1444340]
59:35.793 Received StreamDataBlockedFrame[0|1474764]
59:35.825 Received DataBlockedFrame[6011493]
59:35.825 Received StreamDataBlockedFrame[4|1474617]
59:35.856 Received DataBlockedFrame[6011493]
59:35.856 Received StreamDataBlockedFrame[8|1470630]
59:35.889 Received StreamDataBlockedFrame[0|1501054]
59:35.921 Received DataBlockedFrame[6011493]
59:35.921 Received StreamDataBlockedFrame[4|1500907]
59:35.952 Received StreamDataBlockedFrame[8|1496910]
59:35.984 Received StreamDataBlockedFrame[0|1527321]
59:36.016 Received DataBlockedFrame[6262019]
59:36.016 Received StreamDataBlockedFrame[4|1527180]
59:36.047 Received StreamDataBlockedFrame[8|1523205]
59:36.079 Received StreamDataBlockedFrame[0|1553588]
59:36.114 Received DataBlockedFrame[6262019]
59:36.114 Received StreamDataBlockedFrame[4|1554773]
59:36.494 Received StreamDataBlockedFrame[8|1549485]
59:36.538 Received StreamDataBlockedFrame[0|1579849]
59:36.570 Received DataBlockedFrame[6262019]
59:36.571 Received StreamDataBlockedFrame[4|1581068]
59:36.602 Received StreamDataBlockedFrame[8|1575780]
59:36.634 Received StreamDataBlockedFrame[0|1606139]
59:36.665 Received DataBlockedFrame[6513008]
59:36.665 Received StreamDataBlockedFrame[4|1607358]
59:36.697 Received StreamDataBlockedFrame[8|1602042]
59:36.729 Received StreamDataBlockedFrame[0|1632406]
59:36.760 Received DataBlockedFrame[6513008]
59:36.760 Received StreamDataBlockedFrame[4|1633642]
59:36.792 Received StreamDataBlockedFrame[8|1628330]
59:36.823 Received StreamDataBlockedFrame[0|1658667]
59:36.855 Received DataBlockedFrame[6513008]
59:36.855 Received StreamDataBlockedFrame[4|1659909]
59:36.886 Received StreamDataBlockedFrame[8|1653393]
59:36.916 Received StreamDataBlockedFrame[0|1684415]
59:36.948 Received DataBlockedFrame[6763164]
59:36.948 Received StreamDataBlockedFrame[4|1685621]
59:36.978 Received StreamDataBlockedFrame[8|1678584]
59:37.009 Received StreamDataBlockedFrame[0|1710328]
59:37.042 Received DataBlockedFrame[6763164]
59:37.042 Received StreamDataBlockedFrame[4|1711459]
59:37.073 Received StreamDataBlockedFrame[8|1704842]
59:37.105 Received StreamDataBlockedFrame[0|1736586]
59:37.140 Received DataBlockedFrame[6763164]
59:37.140 Received StreamDataBlockedFrame[4|1737749]
59:37.172 Received StreamDataBlockedFrame[8|1731137]
59:37.203 Received StreamDataBlockedFrame[0|1762876]
59:37.235 Received DataBlockedFrame[7013323]
59:37.235 Received StreamDataBlockedFrame[4|1764039]
59:37.267 Received StreamDataBlockedFrame[8|1757417]
59:37.298 Received StreamDataBlockedFrame[0|1789143]
59:37.332 Received DataBlockedFrame[7013323]
59:37.332 Received StreamDataBlockedFrame[4|1790312]
59:37.710 Received StreamDataBlockedFrame[8|1783712]
59:37.753 Received StreamDataBlockedFrame[0|1815410]
59:37.787 Received DataBlockedFrame[7013323]
59:37.787 Received StreamDataBlockedFrame[4|1816590]
59:37.819 Received StreamDataBlockedFrame[8|1809992]
59:37.850 Received StreamDataBlockedFrame[0|1841671]
59:37.882 Received DataBlockedFrame[7264284]
59:37.882 Received StreamDataBlockedFrame[4|1842885]
59:37.914 Received StreamDataBlockedFrame[8|1836287]
59:37.945 Received StreamDataBlockedFrame[0|1867961]
59:37.977 Received DataBlockedFrame[7264284]
59:37.977 Received StreamDataBlockedFrame[4|1869175]
59:38.008 Received StreamDataBlockedFrame[8|1862549]
59:38.040 Received StreamDataBlockedFrame[0|1894228]
59:38.071 Received DataBlockedFrame[7264284]
59:38.071 Received StreamDataBlockedFrame[4|1895459]
59:38.103 Received StreamDataBlockedFrame[8|1888837]
59:38.135 Received StreamDataBlockedFrame[0|1920489]
59:38.166 Received DataBlockedFrame[7264284]
59:38.166 Received StreamDataBlockedFrame[4|1921726]
59:38.198 Received StreamDataBlockedFrame[8|1913900]
59:38.228 Received StreamDataBlockedFrame[0|1946237]
59:38.259 Received DataBlockedFrame[7514794]
59:38.259 Received StreamDataBlockedFrame[4|1947438]
59:38.290 Received StreamDataBlockedFrame[8|1939091]
59:38.321 Received StreamDataBlockedFrame[0|1972150]
59:38.357 Received DataBlockedFrame[7514794]
59:38.357 Received StreamDataBlockedFrame[4|1973276]
59:38.388 Received StreamDataBlockedFrame[8|1965349]
59:38.420 Received StreamDataBlockedFrame[0|1998408]
59:38.451 Received DataBlockedFrame[7514794]
59:38.452 Received StreamDataBlockedFrame[4|1999566]
59:38.483 Received StreamDataBlockedFrame[8|1991644]
59:38.515 Received StreamDataBlockedFrame[0|2024698]
59:38.550 Received DataBlockedFrame[7765929]
59:38.550 Received StreamDataBlockedFrame[4|2025856]
59:38.925 Received StreamDataBlockedFrame[8|2017924]
59:38.969 Received StreamDataBlockedFrame[0|2050965]
59:39.003 Received DataBlockedFrame[7765929]
59:39.003 Received StreamDataBlockedFrame[4|2052129]
59:39.035 Received StreamDataBlockedFrame[8|2044219]
59:39.067 Received StreamDataBlockedFrame[0|2077232]
59:39.099 Received DataBlockedFrame[7765929]
59:39.099 Received StreamDataBlockedFrame[4|2078407]
59:39.130 Received StreamDataBlockedFrame[8|2070499]
59:39.193 Received DataBlockedFrame[8016890]
59:39.193 Received StreamDataBlockedFrame[4|2104702]
59:39.225 Received StreamDataBlockedFrame[8|2096794]
59:39.288 Received DataBlockedFrame[8016890]
59:39.288 Received StreamDataBlockedFrame[4|2130992]
59:39.319 Received StreamDataBlockedFrame[8|2123056]
59:39.383 Received DataBlockedFrame[8016890]
59:39.383 Received StreamDataBlockedFrame[4|2157276]
59:39.414 Received StreamDataBlockedFrame[8|2149344]
59:39.475 Received DataBlockedFrame[8267937]
59:39.475 Received StreamDataBlockedFrame[4|2183543]
59:39.507 Received StreamDataBlockedFrame[8|2174407]
59:39.573 Received DataBlockedFrame[8267937]
59:39.573 Received StreamDataBlockedFrame[4|2209255]
59:39.604 Received StreamDataBlockedFrame[8|2199598]
59:39.668 Received DataBlockedFrame[8267937]
59:39.668 Received StreamDataBlockedFrame[4|2235093]
59:39.699 Received StreamDataBlockedFrame[8|2225856]
59:39.766 Received DataBlockedFrame[8518520]
59:39.766 Received StreamDataBlockedFrame[4|2261383]
59:40.140 Received StreamDataBlockedFrame[8|2252151]
59:40.220 Received DataBlockedFrame[8518520]
59:40.220 Received StreamDataBlockedFrame[4|2287673]
59:40.251 Received StreamDataBlockedFrame[8|2278431]
59:40.315 Received DataBlockedFrame[8518520]
59:40.315 Received StreamDataBlockedFrame[4|2313946]
59:40.347 Received StreamDataBlockedFrame[8|2304726]
59:40.409 Received DataBlockedFrame[8518520]
59:40.409 Received StreamDataBlockedFrame[4|2340224]
59:40.441 Received StreamDataBlockedFrame[8|2331006]
59:40.504 Received DataBlockedFrame[8769710]
59:40.504 Received StreamDataBlockedFrame[4|2366519]
59:40.535 Received StreamDataBlockedFrame[8|2357301]
59:40.599 Received DataBlockedFrame[8769710]
59:40.599 Received StreamDataBlockedFrame[4|2392809]
59:40.630 Received StreamDataBlockedFrame[8|2383563]
59:40.691 Received DataBlockedFrame[8769710]
59:40.691 Received StreamDataBlockedFrame[4|2419093]
59:40.723 Received StreamDataBlockedFrame[8|2409851]
59:40.789 Received DataBlockedFrame[8769710]
59:40.790 Received StreamDataBlockedFrame[4|2445360]
59:40.821 Received StreamDataBlockedFrame[8|2434914]
59:40.885 Received DataBlockedFrame[8769710]
59:40.885 Received StreamDataBlockedFrame[4|2471072]
59:40.916 Received StreamDataBlockedFrame[8|2460105]
59:40.982 Received DataBlockedFrame[9020452]
59:40.982 Received StreamDataBlockedFrame[4|2496910]
59:41.354 Received StreamDataBlockedFrame[8|2486363]
59:41.436 Received DataBlockedFrame[9020452]
59:41.436 Received StreamDataBlockedFrame[4|2523200]
59:41.468 Received StreamDataBlockedFrame[8|2512658]
59:41.531 Received DataBlockedFrame[9020452]
59:41.532 Received StreamDataBlockedFrame[4|2549490]
59:41.563 Received StreamDataBlockedFrame[8|2538938]
59:41.626 Received DataBlockedFrame[9020452]
59:41.626 Received StreamDataBlockedFrame[4|2575763]
59:41.657 Received StreamDataBlockedFrame[8|2565233]
59:41.720 Received DataBlockedFrame[9270994]
59:41.720 Received StreamDataBlockedFrame[4|2602041]
59:41.752 Received StreamDataBlockedFrame[8|2591513]
59:41.815 Received DataBlockedFrame[9270994]
59:41.815 Received StreamDataBlockedFrame[4|2628336]
59:41.846 Received StreamDataBlockedFrame[8|2617808]
59:41.907 Received DataBlockedFrame[9270994]
59:41.907 Received StreamDataBlockedFrame[4|2654626]
59:41.939 Received StreamDataBlockedFrame[8|2644070]
59:42.006 Received DataBlockedFrame[9270994]
59:42.006 Received StreamDataBlockedFrame[4|2680910]
59:42.037 Received StreamDataBlockedFrame[8|2670358]
59:42.101 Received DataBlockedFrame[9270994]
59:42.101 Received StreamDataBlockedFrame[4|2707177]
59:42.132 Received StreamDataBlockedFrame[8|2695421]
59:42.200 Received DataBlockedFrame[9521535]
59:42.200 Received StreamDataBlockedFrame[4|2732889]
59:42.569 Received StreamDataBlockedFrame[8|2720612]
59:42.654 Received DataBlockedFrame[9521535]
59:42.654 Received StreamDataBlockedFrame[4|2758727]
59:42.685 Received StreamDataBlockedFrame[8|2746870]
59:42.748 Received DataBlockedFrame[9521535]
59:42.748 Received StreamDataBlockedFrame[4|2785017]
59:42.779 Received StreamDataBlockedFrame[8|2773165]
59:42.842 Received DataBlockedFrame[9521535]
59:42.842 Received StreamDataBlockedFrame[4|2811307]
59:42.873 Received StreamDataBlockedFrame[8|2799445]
59:42.936 Received DataBlockedFrame[9521535]
59:42.936 Received StreamDataBlockedFrame[4|2837580]
59:42.968 Received StreamDataBlockedFrame[8|2825740]
59:43.031 Received DataBlockedFrame[9772303]
59:43.031 Received StreamDataBlockedFrame[4|2863858]
59:43.063 Received StreamDataBlockedFrame[8|2852020]
59:43.124 Received DataBlockedFrame[9772303]
59:43.124 Received StreamDataBlockedFrame[4|2890153]
59:43.155 Received StreamDataBlockedFrame[8|2878315]
59:43.222 Received DataBlockedFrame[9772303]
59:43.222 Received StreamDataBlockedFrame[4|2916443]
59:43.254 Received StreamDataBlockedFrame[8|2904577]
59:43.317 Received DataBlockedFrame[9772303]
59:43.317 Received StreamDataBlockedFrame[4|2942727]
59:43.349 Received StreamDataBlockedFrame[8|2930865]
59:43.416 Received DataBlockedFrame[9772303]
59:43.416 Received StreamDataBlockedFrame[4|2968994]
59:43.784 Received StreamDataBlockedFrame[8|2955928]
59:43.870 Received DataBlockedFrame[10023402]
59:43.870 Received StreamDataBlockedFrame[4|2994706]
59:43.901 Received StreamDataBlockedFrame[8|2981119]
59:43.964 Received DataBlockedFrame[10023402]
59:43.964 Received StreamDataBlockedFrame[4|3020544]
59:43.995 Received StreamDataBlockedFrame[8|3007377]
59:44.058 Received DataBlockedFrame[10023402]
59:44.058 Received StreamDataBlockedFrame[4|3046834]
59:44.090 Received StreamDataBlockedFrame[8|3033672]
59:44.153 Received DataBlockedFrame[10023402]
59:44.153 Received StreamDataBlockedFrame[4|3073124]
59:44.184 Received StreamDataBlockedFrame[8|3059952]
59:44.247 Received DataBlockedFrame[10023402]
59:44.247 Received StreamDataBlockedFrame[4|3099397]
59:44.279 Received StreamDataBlockedFrame[8|3086247]
59:44.340 Received DataBlockedFrame[10273604]
59:44.340 Received StreamDataBlockedFrame[4|3125675]
59:44.371 Received StreamDataBlockedFrame[8|3112527]
59:44.438 Received DataBlockedFrame[10273604]
59:44.438 Received StreamDataBlockedFrame[4|3151970]
59:44.470 Received StreamDataBlockedFrame[8|3138822]
59:44.534 Received DataBlockedFrame[10273604]
59:44.534 Received StreamDataBlockedFrame[4|3178260]
59:44.632 Received DataBlockedFrame[10273604]
59:44.632 Received StreamDataBlockedFrame[4|3204544]
59:45.087 Received StreamDataBlockedFrame[4|3230811]
59:45.180 Received StreamDataBlockedFrame[4|3256523]
59:45.274 Received StreamDataBlockedFrame[4|3282361]
59:45.369 Received StreamDataBlockedFrame[4|3308651]
59:45.464 Received StreamDataBlockedFrame[4|3334941]
59:45.556 Received StreamDataBlockedFrame[4|3361214]
59:45.654 Received StreamDataBlockedFrame[4|3387492]
59:45.750 Received StreamDataBlockedFrame[4|3413787]
59:45.848 Received StreamDataBlockedFrame[4|3440077]
59:46.303 Received StreamDataBlockedFrame[4|3466366]
59:46.397 Received StreamDataBlockedFrame[4|3492633]
59:46.491 Received StreamDataBlockedFrame[4|3518345]
59:46.585 Received StreamDataBlockedFrame[4|3544183]
59:46.680 Received StreamDataBlockedFrame[4|3570478]
59:46.772 Received StreamDataBlockedFrame[4|3596772]
59:46.871 Received StreamDataBlockedFrame[4|3623045]
59:46.966 Received StreamDataBlockedFrame[4|3649323]
59:47.064 Received StreamDataBlockedFrame[4|3675618]
59:47.519 Received StreamDataBlockedFrame[4|3701908]
59:47.613 Received StreamDataBlockedFrame[4|3728197]
59:47.707 Received StreamDataBlockedFrame[4|3754464]
59:47.801 Received StreamDataBlockedFrame[4|3780176]
59:47.896 Received StreamDataBlockedFrame[4|3806014]
59:47.989 Received StreamDataBlockedFrame[4|3832309]
59:48.087 Received StreamDataBlockedFrame[4|3858603]
59:48.182 Received StreamDataBlockedFrame[4|3884876]
59:48.281 Received StreamDataBlockedFrame[4|3911154]
59:48.735 Received StreamDataBlockedFrame[4|3937449]
59:48.829 Received StreamDataBlockedFrame[4|3963739]
59:48.923 Received StreamDataBlockedFrame[4|3990028]
59:49.017 Received StreamDataBlockedFrame[4|4016295]
59:49.112 Received StreamDataBlockedFrame[4|4042007]
59:49.205 Received StreamDataBlockedFrame[4|4067845]
59:49.303 Received StreamDataBlockedFrame[4|4094140]
59:49.399 Received StreamDataBlockedFrame[4|4120434]
59:49.497 Received StreamDataBlockedFrame[4|4146707]
59:49.952 Received StreamDataBlockedFrame[4|4172985]
59:50.045 Received StreamDataBlockedFrame[4|4199280]
59:50.139 Received StreamDataBlockedFrame[4|4225570]
59:50.234 Received StreamDataBlockedFrame[4|4251859]
59:50.329 Received StreamDataBlockedFrame[4|4278126]
59:50.421 Received StreamDataBlockedFrame[4|4303838]
59:50.519 Received StreamDataBlockedFrame[4|4329676]
59:50.615 Received StreamDataBlockedFrame[4|4355971]
59:50.713 Received StreamDataBlockedFrame[4|4382265]
59:51.168 Received StreamDataBlockedFrame[4|4408538]
59:51.261 Received StreamDataBlockedFrame[4|4434816]
59:51.355 Received StreamDataBlockedFrame[4|4461111]
59:51.450 Received StreamDataBlockedFrame[4|4487401]
59:51.545 Received StreamDataBlockedFrame[4|4513690]
59:51.637 Received StreamDataBlockedFrame[4|4539957]
59:51.735 Received StreamDataBlockedFrame[4|4565669]
59:51.833 Received StreamDataBlockedFrame[4|4591507]
59:51.929 Received StreamDataBlockedFrame[4|4617802]
59:52.390 Received StreamDataBlockedFrame[4|4644096]
59:52.478 Received StreamDataBlockedFrame[4|4670369]
59:52.572 Received StreamDataBlockedFrame[4|4696647]
59:52.666 Received StreamDataBlockedFrame[4|4722942]
59:52.761 Received StreamDataBlockedFrame[4|4749232]
59:52.853 Received StreamDataBlockedFrame[4|4775521]
59:52.952 Received StreamDataBlockedFrame[4|4801788]
59:53.049 Received StreamDataBlockedFrame[4|4827500]
59:53.145 Received StreamDataBlockedFrame[4|4853338]
59:53.606 Received StreamDataBlockedFrame[4|4879633]
59:53.694 Received StreamDataBlockedFrame[4|4905927]
59:53.788 Received StreamDataBlockedFrame[4|4932200]
59:53.882 Received StreamDataBlockedFrame[4|4958478]
59:53.977 Received StreamDataBlockedFrame[4|4984773]
59:54.070 Received StreamDataBlockedFrame[4|5011063]
59:54.168 Received StreamDataBlockedFrame[4|5037352]
59:54.270 Received StreamDataBlockedFrame[4|5067567]
59:54.366 Received StreamDataBlockedFrame[4|5093279]
59:54.827 Received StreamDataBlockedFrame[4|5119117]
59:54.915 Received StreamDataBlockedFrame[4|5145412]
59:55.009 Received StreamDataBlockedFrame[4|5171706]
59:55.103 Received StreamDataBlockedFrame[4|5197979]
59:55.198 Received StreamDataBlockedFrame[4|5224257]
59:55.312 Downloaded [https://server4:443/aahnnxjkrx, https://server4:443/exrdnyfzhn, https://server4:443/fnyzpkgzvo]
59:55.316 Closing ClientConnection[01a6a369e64190b3/21c739f76622ca6c(V1) with server4/193.167.100.100:443]
